<?xml version="1.0" encoding="UTF-8"?>
<testsuite name="BasicTest" tests="1" skipped="0" failures="0" errors="0" timestamp="2022-03-18T00:46:29" hostname="DESKTOP-PRD0506" time="0.015">
  <properties/>
  <testcase name="test()" classname="BasicTest" time="0.015"/>
  <system-out><![CDATA[]]></system-out>
  <system-err><![CDATA[]]></system-err>
</testsuite>
